{"C:\\develop\\fpsak-frontend\\packages\\fakta-adopsjon\\dist\\webpack:\\@navikt\\fp-fakta-adopsjon\\external commonjs \"moment\"": {"path":"C:\\develop\\fpsak-frontend\\packages\\fakta-adopsjon\\dist\\webpack:\\@navikt\\fp-fakta-adopsjon\\external commonjs \"moment\"","statementMap":{"0":{"start":{"line":1,"column":37},"end":{"line":1,"column":null}}},"fnMap":{},"branchMap":{},"s":{"0":1},"f":{},"b":{}}
,"C:\\develop\\fpsak-frontend\\packages\\fakta-adopsjon\\dist\\webpack:\\@navikt\\fp-fakta-adopsjon\\external commonjs \"react\"": {"path":"C:\\develop\\fpsak-frontend\\packages\\fakta-adopsjon\\dist\\webpack:\\@navikt\\fp-fakta-adopsjon\\external commonjs \"react\"","statementMap":{"0":{"start":{"line":1,"column":0},"end":{"line":1,"column":6}},"1":{"start":{"line":1,"column":37},"end":{"line":1,"column":null}}},"fnMap":{"0":{"name":"(anonymous_9)","decl":{"start":{"line":1,"column":0},"end":{"line":1,"column":6}},"loc":{"start":{"line":1,"column":0},"end":{"line":1,"column":6}}}},"branchMap":{},"s":{"0":7,"1":1},"f":{"0":5},"b":{}}
,"C:\\develop\\fpsak-frontend\\packages\\fakta-adopsjon\\dist\\webpack:\\@navikt\\fp-fakta-adopsjon\\external commonjs \"react-hook-form\"": {"path":"C:\\develop\\fpsak-frontend\\packages\\fakta-adopsjon\\dist\\webpack:\\@navikt\\fp-fakta-adopsjon\\external commonjs \"react-hook-form\"","statementMap":{"0":{"start":{"line":1,"column":37},"end":{"line":1,"column":null}}},"fnMap":{},"branchMap":{},"s":{"0":1},"f":{},"b":{}}
,"C:\\develop\\fpsak-frontend\\packages\\fakta-adopsjon\\dist\\webpack:\\@navikt\\fp-fakta-adopsjon\\external commonjs \"react-intl\"": {"path":"C:\\develop\\fpsak-frontend\\packages\\fakta-adopsjon\\dist\\webpack:\\@navikt\\fp-fakta-adopsjon\\external commonjs \"react-intl\"","statementMap":{"0":{"start":{"line":1,"column":0},"end":{"line":1,"column":6}},"1":{"start":{"line":1,"column":37},"end":{"line":1,"column":null}}},"fnMap":{},"branchMap":{},"s":{"0":1,"1":1},"f":{},"b":{}}
,"C:\\develop\\fpsak-frontend\\packages\\fakta-adopsjon\\dist\\webpack:\\@navikt\\fp-fakta-adopsjon\\external commonjs \"@navikt\\ds-react\"": {"path":"C:\\develop\\fpsak-frontend\\packages\\fakta-adopsjon\\dist\\webpack:\\@navikt\\fp-fakta-adopsjon\\external commonjs \"@navikt\\ds-react\"","statementMap":{"0":{"start":{"line":1,"column":37},"end":{"line":1,"column":null}}},"fnMap":{},"branchMap":{},"s":{"0":1},"f":{},"b":{}}
,"C:\\develop\\fpsak-frontend\\packages\\fakta-adopsjon\\dist\\webpack:\\@navikt\\fp-fakta-adopsjon\\external commonjs \"@navikt\\fp-fakta-felles\"": {"path":"C:\\develop\\fpsak-frontend\\packages\\fakta-adopsjon\\dist\\webpack:\\@navikt\\fp-fakta-adopsjon\\external commonjs \"@navikt\\fp-fakta-felles\"","statementMap":{"0":{"start":{"line":1,"column":37},"end":{"line":1,"column":null}}},"fnMap":{},"branchMap":{},"s":{"0":1},"f":{},"b":{}}
,"C:\\develop\\fpsak-frontend\\packages\\fakta-adopsjon\\dist\\webpack:\\@navikt\\fp-fakta-adopsjon\\external commonjs \"@navikt\\fp-kodeverk\"": {"path":"C:\\develop\\fpsak-frontend\\packages\\fakta-adopsjon\\dist\\webpack:\\@navikt\\fp-fakta-adopsjon\\external commonjs \"@navikt\\fp-kodeverk\"","statementMap":{"0":{"start":{"line":1,"column":37},"end":{"line":1,"column":null}}},"fnMap":{},"branchMap":{},"s":{"0":1},"f":{},"b":{}}
,"C:\\develop\\fpsak-frontend\\packages\\fakta-adopsjon\\dist\\webpack:\\@navikt\\fp-fakta-adopsjon\\external commonjs \"@navikt\\ft-form-hooks\"": {"path":"C:\\develop\\fpsak-frontend\\packages\\fakta-adopsjon\\dist\\webpack:\\@navikt\\fp-fakta-adopsjon\\external commonjs \"@navikt\\ft-form-hooks\"","statementMap":{"0":{"start":{"line":1,"column":37},"end":{"line":1,"column":null}}},"fnMap":{},"branchMap":{},"s":{"0":1},"f":{},"b":{}}
,"C:\\develop\\fpsak-frontend\\packages\\fakta-adopsjon\\dist\\webpack:\\@navikt\\fp-fakta-adopsjon\\external commonjs \"@navikt\\ft-form-validators\"": {"path":"C:\\develop\\fpsak-frontend\\packages\\fakta-adopsjon\\dist\\webpack:\\@navikt\\fp-fakta-adopsjon\\external commonjs \"@navikt\\ft-form-validators\"","statementMap":{"0":{"start":{"line":1,"column":37},"end":{"line":1,"column":null}}},"fnMap":{},"branchMap":{},"s":{"0":1},"f":{},"b":{}}
,"C:\\develop\\fpsak-frontend\\packages\\fakta-adopsjon\\dist\\webpack:\\@navikt\\fp-fakta-adopsjon\\external commonjs \"@navikt\\ft-ui-komponenter\"": {"path":"C:\\develop\\fpsak-frontend\\packages\\fakta-adopsjon\\dist\\webpack:\\@navikt\\fp-fakta-adopsjon\\external commonjs \"@navikt\\ft-ui-komponenter\"","statementMap":{"0":{"start":{"line":1,"column":37},"end":{"line":1,"column":null}}},"fnMap":{},"branchMap":{},"s":{"0":1},"f":{},"b":{}}
,"C:\\develop\\fpsak-frontend\\packages\\fakta-adopsjon\\dist\\webpack:\\@navikt\\fp-fakta-adopsjon\\external commonjs \"@navikt\\ft-utils\"": {"path":"C:\\develop\\fpsak-frontend\\packages\\fakta-adopsjon\\dist\\webpack:\\@navikt\\fp-fakta-adopsjon\\external commonjs \"@navikt\\ft-utils\"","statementMap":{"0":{"start":{"line":1,"column":37},"end":{"line":1,"column":null}}},"fnMap":{},"branchMap":{},"s":{"0":1},"f":{},"b":{}}
,"C:\\develop\\fpsak-frontend\\packages\\fakta-adopsjon\\dist\\webpack:\\@navikt\\fp-fakta-adopsjon\\external commonjs \"@navikt\\fp-fakta-felles\\dist\\style.css\"": {"path":"C:\\develop\\fpsak-frontend\\packages\\fakta-adopsjon\\dist\\webpack:\\@navikt\\fp-fakta-adopsjon\\external commonjs \"@navikt\\fp-fakta-felles\\dist\\style.css\"","statementMap":{"0":{"start":{"line":1,"column":37},"end":{"line":1,"column":45}},"1":{"start":{"line":1,"column":37},"end":{"line":1,"column":null}}},"fnMap":{},"branchMap":{},"s":{"0":1,"1":1},"f":{},"b":{}}
,"C:\\develop\\fpsak-frontend\\packages\\fakta-adopsjon\\dist\\webpack:\\@navikt\\fp-fakta-adopsjon\\src\\AdopsjonFaktaIndex.tsx": {"path":"C:\\develop\\fpsak-frontend\\packages\\fakta-adopsjon\\dist\\webpack:\\@navikt\\fp-fakta-adopsjon\\src\\AdopsjonFaktaIndex.tsx","statementMap":{"0":{"start":{"line":14,"column":6},"end":{"line":14,"column":null}},"1":{"start":{"line":22,"column":82},"end":{"line":52,"column":null}},"2":{"start":{"line":35,"column":1},"end":{"line":35,"column":null}},"3":{"start":{"line":35,"column":1},"end":{"line":50,"column":null}}},"fnMap":{"0":{"name":"(anonymous_43)","decl":{"start":{"line":22,"column":82},"end":{"line":22,"column":83}},"loc":{"start":{"line":22,"column":82},"end":{"line":52,"column":null}}}},"branchMap":{},"s":{"0":1,"1":1,"2":4,"3":4},"f":{"0":4},"b":{}}
,"C:\\develop\\fpsak-frontend\\packages\\fakta-adopsjon\\dist\\webpack:\\@navikt\\fp-fakta-adopsjon\\src\\components\\AdopsjonInfoPanel.tsx": {"path":"C:\\develop\\fpsak-frontend\\packages\\fakta-adopsjon\\dist\\webpack:\\@navikt\\fp-fakta-adopsjon\\src\\components\\AdopsjonInfoPanel.tsx","statementMap":{"0":{"start":{"line":28,"column":0},"end":{"line":28,"column":6}},"1":{"start":{"line":28,"column":109},"end":{"line":28,"column":null}},"2":{"start":{"line":29,"column":31},"end":{"line":29,"column":null}},"3":{"start":{"line":45,"column":27},"end":{"line":65,"column":null}},"4":{"start":{"line":50,"column":25},"end":{"line":50,"column":null}},"5":{"start":{"line":50,"column":58},"end":{"line":50,"column":null}},"6":{"start":{"line":50,"column":96},"end":{"line":50,"column":null}},"7":{"start":{"line":52,"column":33},"end":{"line":52,"column":null}},"8":{"start":{"line":52,"column":34},"end":{"line":54,"column":null}},"9":{"start":{"line":56,"column":40},"end":{"line":56,"column":null}},"10":{"start":{"line":61,"column":2},"end":{"line":65,"column":73}},"11":{"start":{"line":114,"column":55},"end":{"line":201,"column":null}},"12":{"start":{"line":127,"column":1},"end":{"line":127,"column":6}},"13":{"start":{"line":128,"column":8},"end":{"line":129,"column":null}},"14":{"start":{"line":132,"column":22},"end":{"line":132,"column":null}},"15":{"start":{"line":134,"column":8},"end":{"line":134,"column":null}},"16":{"start":{"line":86,"column":24},"end":{"line":134,"column":88}},"17":{"start":{"line":86,"column":41},"end":{"line":87,"column":null}},"18":{"start":{"line":136,"column":8},"end":{"line":136,"column":null}},"19":{"start":{"line":136,"column":69},"end":{"line":136,"column":126}},"20":{"start":{"line":70,"column":30},"end":{"line":70,"column":null}},"21":{"start":{"line":80,"column":2},"end":{"line":82,"column":null}},"22":{"start":{"line":80,"column":36},"end":{"line":82,"column":null}},"23":{"start":{"line":138,"column":2},"end":{"line":196,"column":null}},"24":{"start":{"line":32,"column":20},"end":{"line":33,"column":null}},"25":{"start":{"line":42,"column":2},"end":{"line":42,"column":18}}},"fnMap":{"0":{"name":"f","decl":{"start":{"line":28,"column":0},"end":{"line":28,"column":6}},"loc":{"start":{"line":28,"column":0},"end":{"line":28,"column":6}}},"1":{"name":"(anonymous_33)","decl":{"start":{"line":45,"column":27},"end":{"line":45,"column":null}},"loc":{"start":{"line":48,"column":2},"end":{"line":65,"column":null}}},"2":{"name":"(anonymous_34)","decl":{"start":{"line":50,"column":51},"end":{"line":50,"column":58}},"loc":{"start":{"line":50,"column":58},"end":{"line":50,"column":null}}},"3":{"name":"(anonymous_35)","decl":{"start":{"line":50,"column":87},"end":{"line":50,"column":96}},"loc":{"start":{"line":50,"column":96},"end":{"line":50,"column":null}}},"4":{"name":"(anonymous_36)","decl":{"start":{"line":114,"column":55},"end":{"line":114,"column":56}},"loc":{"start":{"line":114,"column":55},"end":{"line":201,"column":null}}},"5":{"name":"(anonymous_37)","decl":{"start":{"line":134,"column":31},"end":{"line":134,"column":37}},"loc":{"start":{"line":86,"column":24},"end":{"line":134,"column":88}}},"6":{"name":"(anonymous_38)","decl":{"start":{"line":86,"column":24},"end":{"line":86,"column":25}},"loc":{"start":{"line":86,"column":41},"end":{"line":87,"column":null}}},"7":{"name":"(anonymous_39)","decl":{"start":{"line":136,"column":32},"end":{"line":136,"column":69}},"loc":{"start":{"line":136,"column":69},"end":{"line":136,"column":126}}},"8":{"name":"(anonymous_40)","decl":{"start":{"line":69,"column":24},"end":{"line":69,"column":25}},"loc":{"start":{"line":69,"column":45},"end":{"line":83,"column":null}}},"9":{"name":"(anonymous_41)","decl":{"start":{"line":80,"column":34},"end":{"line":80,"column":36}},"loc":{"start":{"line":80,"column":36},"end":{"line":82,"column":null}}},"10":{"name":"(anonymous_42)","decl":{"start":{"line":31,"column":22},"end":{"line":31,"column":null}},"loc":{"start":{"line":31,"column":22},"end":{"line":42,"column":null}}}},"branchMap":{"0":{"loc":{"start":{"line":28,"column":0},"end":{"line":28,"column":6}},"type":"if","locations":[{"start":{"line":28,"column":0},"end":{"line":28,"column":6}}]},"1":{"loc":{"start":{"line":28,"column":0},"end":{"line":28,"column":6}},"type":"binary-expr","locations":[{"start":{"line":28,"column":0},"end":{"line":28,"column":6}},{"start":{"line":28,"column":0},"end":{"line":28,"column":6}}]},"2":{"loc":{"start":{"line":52,"column":34},"end":{"line":54,"column":null}},"type":"binary-expr","locations":[{"start":{"line":52,"column":34},"end":{"line":53,"column":null}},{"start":{"line":54,"column":4},"end":{"line":54,"column":null}}]},"3":{"loc":{"start":{"line":61,"column":2},"end":{"line":58,"column":null}},"type":"binary-expr","locations":[{"start":{"line":61,"column":2},"end":{"line":57,"column":null}},{"start":{"line":58,"column":4},"end":{"line":58,"column":null}}]},"4":{"loc":{"start":{"line":129,"column":19},"end":{"line":129,"column":null}},"type":"binary-expr","locations":[{"start":{"line":129,"column":19},"end":{"line":129,"column":31}},{"start":{"line":129,"column":31},"end":{"line":129,"column":null}}]},"5":{"loc":{"start":{"line":71,"column":66},"end":{"line":74,"column":null}},"type":"binary-expr","locations":[{"start":{"line":71,"column":66},"end":{"line":73,"column":null}},{"start":{"line":74,"column":4},"end":{"line":74,"column":null}}]},"6":{"loc":{"start":{"line":74,"column":71},"end":{"line":77,"column":null}},"type":"binary-expr","locations":[{"start":{"line":74,"column":71},"end":{"line":76,"column":null}},{"start":{"line":77,"column":4},"end":{"line":77,"column":null}}]},"7":{"loc":{"start":{"line":42,"column":2},"end":{"line":37,"column":null}},"type":"binary-expr","locations":[{"start":{"line":42,"column":2},"end":{"line":36,"column":null}},{"start":{"line":37,"column":4},"end":{"line":37,"column":null}}]},"8":{"loc":{"start":{"line":37,"column":69},"end":{"line":40,"column":null}},"type":"binary-expr","locations":[{"start":{"line":37,"column":69},"end":{"line":39,"column":null}},{"start":{"line":40,"column":4},"end":{"line":40,"column":null}}]},"9":{"loc":{"start":{"line":165,"column":14},"end":{"line":168,"column":null}},"type":"binary-expr","locations":[{"start":{"line":165,"column":14},"end":{"line":168,"column":null}}]},"10":{"loc":{"start":{"line":168,"column":53},"end":{"line":177,"column":null}},"type":"binary-expr","locations":[{"start":{"line":168,"column":53},"end":{"line":171,"column":null}},{"start":{"line":172,"column":14},"end":{"line":177,"column":null}}]},"11":{"loc":{"start":{"line":183,"column":9},"end":{"line":196,"column":null}},"type":"binary-expr","locations":[{"start":{"line":183,"column":9},"end":{"line":183,"column":27}},{"start":{"line":183,"column":27},"end":{"line":183,"column":null}},{"start":{"line":184,"column":10},"end":{"line":196,"column":null}}]}},"s":{"0":5498,"1":1,"2":1,"3":1,"4":78,"5":78,"6":157,"7":78,"8":78,"9":78,"10":78,"11":1,"12":78,"13":78,"14":78,"15":78,"16":4,"17":4,"18":78,"19":3,"20":3,"21":3,"22":5,"23":78,"24":78,"25":78},"f":{"0":2156,"1":78,"2":78,"3":157,"4":78,"5":4,"6":4,"7":3,"8":3,"9":5,"10":78},"b":{"0":[700],"1":[1354,1083],"2":[78,26],"3":[78,27],"4":[78,78],"5":[3,1],"6":[3,1],"7":[78,27],"8":[78,26],"9":[27],"10":[78,26],"11":[78,78,78]}}
,"C:\\develop\\fpsak-frontend\\packages\\fakta-adopsjon\\dist\\webpack:\\@navikt\\fp-fakta-adopsjon\\src\\components\\DokumentasjonFaktaForm.tsx": {"path":"C:\\develop\\fpsak-frontend\\packages\\fakta-adopsjon\\dist\\webpack:\\@navikt\\fp-fakta-adopsjon\\src\\components\\DokumentasjonFaktaForm.tsx","statementMap":{"0":{"start":{"line":19,"column":0},"end":{"line":19,"column":30}},"1":{"start":{"line":63,"column":78},"end":{"line":139,"column":null}},"2":{"start":{"line":69,"column":1},"end":{"line":69,"column":6}},"3":{"start":{"line":70,"column":8},"end":{"line":70,"column":null}},"4":{"start":{"line":72,"column":20},"end":{"line":72,"column":null}},"5":{"start":{"line":73,"column":24},"end":{"line":73,"column":null}},"6":{"start":{"line":74,"column":33},"end":{"line":74,"column":null}},"7":{"start":{"line":75,"column":37},"end":{"line":75,"column":null}},"8":{"start":{"line":77,"column":2},"end":{"line":137,"column":null}},"9":{"start":{"line":106,"column":10},"end":{"line":135,"column":9}},"10":{"start":{"line":33,"column":117},"end":{"line":37,"column":null}},"11":{"start":{"line":22,"column":2},"end":{"line":23,"column":null}},"12":{"start":{"line":21,"column":20},"end":{"line":21,"column":39}},"13":{"start":{"line":23,"column":4},"end":{"line":23,"column":null}},"14":{"start":{"line":25,"column":22},"end":{"line":26,"column":null}},"15":{"start":{"line":27,"column":2},"end":{"line":30,"column":31}},"16":{"start":{"line":28,"column":27},"end":{"line":29,"column":null}},"17":{"start":{"line":30,"column":22},"end":{"line":30,"column":29}},"18":{"start":{"line":143,"column":0},"end":{"line":154,"column":null}},"19":{"start":{"line":143,"column":93},"end":{"line":148,"column":null}},"20":{"start":{"line":151,"column":60},"end":{"line":154,"column":null}},"21":{"start":{"line":157,"column":0},"end":{"line":157,"column":null}}},"fnMap":{"0":{"name":"(anonymous_16)","decl":{"start":{"line":63,"column":78},"end":{"line":63,"column":79}},"loc":{"start":{"line":63,"column":78},"end":{"line":139,"column":null}}},"1":{"name":"(anonymous_17)","decl":{"start":{"line":105,"column":40},"end":{"line":105,"column":41}},"loc":{"start":{"line":106,"column":10},"end":{"line":135,"column":9}}},"2":{"name":"(anonymous_18)","decl":{"start":{"line":33,"column":21},"end":{"line":33,"column":22}},"loc":{"start":{"line":33,"column":117},"end":{"line":37,"column":null}}},"3":{"name":"(anonymous_19)","decl":{"start":{"line":19,"column":30},"end":{"line":19,"column":31}},"loc":{"start":{"line":19,"column":70},"end":{"line":30,"column":null}}},"4":{"name":"(anonymous_20)","decl":{"start":{"line":21,"column":13},"end":{"line":21,"column":20}},"loc":{"start":{"line":21,"column":20},"end":{"line":21,"column":39}}},"5":{"name":"(anonymous_21)","decl":{"start":{"line":28,"column":10},"end":{"line":28,"column":27}},"loc":{"start":{"line":28,"column":27},"end":{"line":29,"column":null}}},"6":{"name":"(anonymous_22)","decl":{"start":{"line":30,"column":12},"end":{"line":30,"column":13}},"loc":{"start":{"line":30,"column":22},"end":{"line":30,"column":29}}},"7":{"name":"(anonymous_23)","decl":{"start":{"line":143,"column":44},"end":{"line":143,"column":45}},"loc":{"start":{"line":143,"column":93},"end":{"line":148,"column":null}}},"8":{"name":"(anonymous_24)","decl":{"start":{"line":151,"column":42},"end":{"line":151,"column":60}},"loc":{"start":{"line":151,"column":60},"end":{"line":154,"column":null}}}},"branchMap":{"0":{"loc":{"start":{"line":73,"column":24},"end":{"line":73,"column":null}},"type":"binary-expr","locations":[{"start":{"line":73,"column":24},"end":{"line":73,"column":50}},{"start":{"line":73,"column":50},"end":{"line":73,"column":null}}]},"1":{"loc":{"start":{"line":86,"column":16},"end":{"line":87,"column":null}},"type":"cond-expr","locations":[{"start":{"line":87,"column":16},"end":{"line":87,"column":60}},{"start":{"line":87,"column":60},"end":{"line":87,"column":null}}]},"2":{"loc":{"start":{"line":86,"column":16},"end":{"line":86,"column":null}},"type":"binary-expr","locations":[{"start":{"line":86,"column":16},"end":{"line":86,"column":42}},{"start":{"line":86,"column":42},"end":{"line":86,"column":null}}]},"3":{"loc":{"start":{"line":93,"column":9},"end":{"line":101,"column":null}},"type":"binary-expr","locations":[{"start":{"line":93,"column":9},"end":{"line":93,"column":35}},{"start":{"line":93,"column":35},"end":{"line":93,"column":null}},{"start":{"line":94,"column":10},"end":{"line":101,"column":null}}]},"4":{"loc":{"start":{"line":121,"column":27},"end":{"line":135,"column":9}},"type":"binary-expr","locations":[{"start":{"line":121,"column":27},"end":{"line":122,"column":33}},{"start":{"line":33,"column":21},"end":{"line":122,"column":null}},{"start":{"line":123,"column":20},"end":{"line":135,"column":9}}]},"5":{"loc":{"start":{"line":33,"column":117},"end":{"line":37,"column":null}},"type":"binary-expr","locations":[{"start":{"line":33,"column":117},"end":{"line":33,"column":null}},{"start":{"line":34,"column":5},"end":{"line":34,"column":null}},{"start":{"line":35,"column":5},"end":{"line":37,"column":null}}]},"6":{"loc":{"start":{"line":22,"column":2},"end":{"line":23,"column":null}},"type":"if","locations":[{"start":{"line":22,"column":2},"end":{"line":23,"column":null}}]},"7":{"loc":{"start":{"line":22,"column":35},"end":{"line":22,"column":null}},"type":"binary-expr","locations":[{"start":{"line":22,"column":35},"end":{"line":21,"column":null}},{"start":{"line":21,"column":39},"end":{"line":22,"column":null}}]},"8":{"loc":{"start":{"line":28,"column":27},"end":{"line":29,"column":null}},"type":"cond-expr","locations":[{"start":{"line":29,"column":30},"end":{"line":29,"column":34}},{"start":{"line":29,"column":34},"end":{"line":29,"column":null}}]},"9":{"loc":{"start":{"line":144,"column":26},"end":{"line":144,"column":null}},"type":"cond-expr","locations":[{"start":{"line":144,"column":86},"end":{"line":144,"column":127}},{"start":{"line":144,"column":127},"end":{"line":144,"column":null}}]},"10":{"loc":{"start":{"line":144,"column":26},"end":{"line":144,"column":86}},"type":"binary-expr","locations":[{"start":{"line":144,"column":26},"end":{"line":144,"column":45}},{"start":{"line":144,"column":45},"end":{"line":144,"column":86}}]},"11":{"loc":{"start":{"line":145,"column":30},"end":{"line":147,"column":null}},"type":"cond-expr","locations":[{"start":{"line":146,"column":6},"end":{"line":146,"column":null}},{"start":{"line":147,"column":6},"end":{"line":147,"column":null}}]},"12":{"loc":{"start":{"line":145,"column":30},"end":{"line":145,"column":null}},"type":"binary-expr","locations":[{"start":{"line":145,"column":30},"end":{"line":145,"column":49}},{"start":{"line":145,"column":49},"end":{"line":145,"column":null}}]},"13":{"loc":{"start":{"line":148,"column":17},"end":{"line":148,"column":null}},"type":"cond-expr","locations":[{"start":{"line":148,"column":76},"end":{"line":148,"column":116}},{"start":{"line":148,"column":116},"end":{"line":148,"column":null}}]},"14":{"loc":{"start":{"line":148,"column":17},"end":{"line":148,"column":76}},"type":"binary-expr","locations":[{"start":{"line":148,"column":17},"end":{"line":148,"column":36}},{"start":{"line":148,"column":36},"end":{"line":148,"column":76}}]}},"s":{"0":1,"1":1,"2":78,"3":78,"4":78,"5":78,"6":78,"7":78,"8":78,"9":156,"10":156,"11":78,"12":156,"13":0,"14":78,"15":78,"16":156,"17":156,"18":1,"19":78,"20":3,"21":1},"f":{"0":78,"1":156,"2":156,"3":78,"4":156,"5":156,"6":156,"7":78,"8":3},"b":{"0":[78,0],"1":[26,52],"2":[78,77],"3":[78,77,77],"4":[156,156,78],"5":[156,156,156],"6":[0],"7":[78,78],"8":[78,78],"9":[0,78],"10":[78,78],"11":[0,78],"12":[78,78],"13":[78,0],"14":[78,78]}}
,"C:\\develop\\fpsak-frontend\\packages\\fakta-adopsjon\\dist\\webpack:\\@navikt\\fp-fakta-adopsjon\\src\\components\\EktefelleFaktaForm.tsx": {"path":"C:\\develop\\fpsak-frontend\\packages\\fakta-adopsjon\\dist\\webpack:\\@navikt\\fp-fakta-adopsjon\\src\\components\\EktefelleFaktaForm.tsx","statementMap":{"0":{"start":{"line":34,"column":74},"end":{"line":66,"column":null}},"1":{"start":{"line":38,"column":1},"end":{"line":38,"column":6}},"2":{"start":{"line":39,"column":8},"end":{"line":39,"column":null}},"3":{"start":{"line":40,"column":2},"end":{"line":62,"column":null}},"4":{"start":{"line":70,"column":0},"end":{"line":82,"column":null}},"5":{"start":{"line":74,"column":73},"end":{"line":77,"column":null}},"6":{"start":{"line":80,"column":61},"end":{"line":82,"column":null}},"7":{"start":{"line":85,"column":0},"end":{"line":85,"column":null}}},"fnMap":{"0":{"name":"(anonymous_13)","decl":{"start":{"line":34,"column":74},"end":{"line":34,"column":75}},"loc":{"start":{"line":34,"column":74},"end":{"line":66,"column":null}}},"1":{"name":"(anonymous_14)","decl":{"start":{"line":74,"column":41},"end":{"line":74,"column":73}},"loc":{"start":{"line":74,"column":73},"end":{"line":77,"column":null}}},"2":{"name":"(anonymous_15)","decl":{"start":{"line":80,"column":38},"end":{"line":80,"column":61}},"loc":{"start":{"line":80,"column":61},"end":{"line":82,"column":null}}}},"branchMap":{"0":{"loc":{"start":{"line":75,"column":18},"end":{"line":77,"column":null}},"type":"cond-expr","locations":[{"start":{"line":76,"column":6},"end":{"line":76,"column":null}},{"start":{"line":76,"column":22},"end":{"line":77,"column":null}}]},"1":{"loc":{"start":{"line":75,"column":18},"end":{"line":75,"column":72}},"type":"binary-expr","locations":[{"start":{"line":75,"column":18},"end":{"line":75,"column":37}},{"start":{"line":75,"column":72},"end":{"line":76,"column":5}}]}},"s":{"0":1,"1":27,"2":27,"3":27,"4":1,"5":27,"6":1,"7":1},"f":{"0":27,"1":27,"2":1},"b":{"0":[27,0],"1":[27,27]}}
,"C:\\develop\\fpsak-frontend\\packages\\fakta-adopsjon\\dist\\webpack:\\@navikt\\fp-fakta-adopsjon\\src\\components\\MannAdoptererAleneFaktaForm.tsx": {"path":"C:\\develop\\fpsak-frontend\\packages\\fakta-adopsjon\\dist\\webpack:\\@navikt\\fp-fakta-adopsjon\\src\\components\\MannAdoptererAleneFaktaForm.tsx","statementMap":{"0":{"start":{"line":36,"column":83},"end":{"line":73,"column":null}},"1":{"start":{"line":42,"column":1},"end":{"line":42,"column":6}},"2":{"start":{"line":43,"column":8},"end":{"line":43,"column":null}},"3":{"start":{"line":44,"column":2},"end":{"line":69,"column":null}},"4":{"start":{"line":77,"column":0},"end":{"line":83,"column":null}},"5":{"start":{"line":77,"column":82},"end":{"line":78,"column":null}},"6":{"start":{"line":81,"column":74},"end":{"line":83,"column":null}},"7":{"start":{"line":86,"column":0},"end":{"line":86,"column":null}}},"fnMap":{"0":{"name":"(anonymous_10)","decl":{"start":{"line":36,"column":83},"end":{"line":36,"column":84}},"loc":{"start":{"line":36,"column":83},"end":{"line":73,"column":null}}},"1":{"name":"(anonymous_11)","decl":{"start":{"line":77,"column":50},"end":{"line":77,"column":82}},"loc":{"start":{"line":77,"column":82},"end":{"line":78,"column":null}}},"2":{"name":"(anonymous_12)","decl":{"start":{"line":81,"column":47},"end":{"line":81,"column":74}},"loc":{"start":{"line":81,"column":74},"end":{"line":83,"column":null}}}},"branchMap":{"0":{"loc":{"start":{"line":52,"column":9},"end":{"line":53,"column":null}},"type":"binary-expr","locations":[{"start":{"line":52,"column":9},"end":{"line":52,"column":null}},{"start":{"line":53,"column":13},"end":{"line":53,"column":null}}]},"1":{"loc":{"start":{"line":78,"column":22},"end":{"line":78,"column":null}},"type":"cond-expr","locations":[{"start":{"line":78,"column":40},"end":{"line":78,"column":77}},{"start":{"line":78,"column":56},"end":{"line":78,"column":null}}]}},"s":{"0":1,"1":26,"2":26,"3":26,"4":1,"5":26,"6":1,"7":1},"f":{"0":26,"1":26,"2":1},"b":{"0":[26,26],"1":[26,0]}}
,"C:\\develop\\fpsak-frontend\\packages\\fakta-adopsjon\\dist\\webpack:\\@navikt\\fp-fakta-adopsjon\\webpack\\universalModuleDefinition": {"path":"C:\\develop\\fpsak-frontend\\packages\\fakta-adopsjon\\dist\\webpack:\\@navikt\\fp-fakta-adopsjon\\webpack\\universalModuleDefinition","statementMap":{"0":{"start":{"line":2,"column":23},"end":{"line":9,"column":null}}},"fnMap":{"0":{"name":"(anonymous_0)","decl":{"start":{"line":1,"column":0},"end":{"line":1,"column":43}},"loc":{"start":{"line":1,"column":49},"end":{"line":10,"column":3}}}},"branchMap":{"0":{"loc":{"start":{"line":2,"column":23},"end":{"line":9,"column":null}},"type":"cond-expr","locations":[{"start":{"line":3,"column":2},"end":{"line":3,"column":null}},{"start":{"line":4,"column":27},"end":{"line":9,"column":null}}]},"1":{"loc":{"start":{"line":2,"column":23},"end":{"line":2,"column":53}},"type":"binary-expr","locations":[{"start":{"line":2,"column":23},"end":{"line":2,"column":52}},{"start":{"line":2,"column":53},"end":{"line":3,"column":1}}]},"2":{"loc":{"start":{"line":4,"column":27},"end":{"line":9,"column":null}},"type":"cond-expr","locations":[{"start":{"line":5,"column":2},"end":{"line":5,"column":null}},{"start":{"line":6,"column":28},"end":{"line":9,"column":null}}]},"3":{"loc":{"start":{"line":4,"column":27},"end":{"line":4,"column":null}},"type":"binary-expr","locations":[{"start":{"line":4,"column":27},"end":{"line":4,"column":40}},{"start":{"line":4,"column":41},"end":{"line":4,"column":null}}]},"4":{"loc":{"start":{"line":6,"column":28},"end":{"line":9,"column":null}},"type":"cond-expr","locations":[{"start":{"line":7,"column":2},"end":{"line":7,"column":null}},{"start":{"line":9,"column":2},"end":{"line":9,"column":null}}]}},"s":{"0":1},"f":{"0":1},"b":{"0":[1,0],"1":[1,1],"2":[0,0],"3":[0,0],"4":[0,0]}}
,"C:\\develop\\fpsak-frontend\\packages\\fakta-adopsjon\\dist\\webpack:\\@navikt\\fp-fakta-adopsjon\\webpack\\runtime\\compat get default export": {"path":"C:\\develop\\fpsak-frontend\\packages\\fakta-adopsjon\\dist\\webpack:\\@navikt\\fp-fakta-adopsjon\\webpack\\runtime\\compat get default export","statementMap":{"0":{"start":{"line":3,"column":14},"end":{"line":5,"column":null}},"1":{"start":{"line":4,"column":9},"end":{"line":4,"column":null}},"2":{"start":{"line":5,"column":8},"end":{"line":5,"column":null}},"3":{"start":{"line":7,"column":1},"end":{"line":7,"column":14}}},"fnMap":{"0":{"name":"(anonymous_3)","decl":{"start":{"line":2,"column":25},"end":{"line":2,"column":null}},"loc":{"start":{"line":2,"column":25},"end":{"line":7,"column":null}}},"1":{"name":"(anonymous_4)","decl":{"start":{"line":4,"column":2},"end":{"line":4,"column":9}},"loc":{"start":{"line":4,"column":9},"end":{"line":4,"column":null}}},"2":{"name":"(anonymous_5)","decl":{"start":{"line":5,"column":2},"end":{"line":5,"column":8}},"loc":{"start":{"line":5,"column":8},"end":{"line":5,"column":null}}}},"branchMap":{"0":{"loc":{"start":{"line":3,"column":14},"end":{"line":5,"column":null}},"type":"cond-expr","locations":[{"start":{"line":4,"column":2},"end":{"line":4,"column":null}},{"start":{"line":5,"column":2},"end":{"line":5,"column":null}}]},"1":{"loc":{"start":{"line":3,"column":14},"end":{"line":3,"column":null}},"type":"binary-expr","locations":[{"start":{"line":3,"column":14},"end":{"line":3,"column":24}},{"start":{"line":3,"column":24},"end":{"line":3,"column":null}}]}},"s":{"0":2,"1":0,"2":4355,"3":2},"f":{"0":2,"1":0,"2":4355},"b":{"0":[0,2],"1":[2,2]}}
,"C:\\develop\\fpsak-frontend\\packages\\fakta-adopsjon\\dist\\webpack:\\@navikt\\fp-fakta-adopsjon\\webpack\\runtime\\define property getters": {"path":"C:\\develop\\fpsak-frontend\\packages\\fakta-adopsjon\\dist\\webpack:\\@navikt\\fp-fakta-adopsjon\\webpack\\runtime\\define property getters","statementMap":{"0":{"start":{"line":3,"column":1},"end":{"line":5,"column":null}},"1":{"start":{"line":4,"column":5},"end":{"line":5,"column":null}}},"fnMap":{"0":{"name":"(anonymous_6)","decl":{"start":{"line":2,"column":24},"end":{"line":2,"column":25}},"loc":{"start":{"line":2,"column":34},"end":{"line":7,"column":null}}}},"branchMap":{"0":{"loc":{"start":{"line":4,"column":5},"end":{"line":5,"column":null}},"type":"binary-expr","locations":[{"start":{"line":4,"column":5},"end":{"line":4,"column":48}},{"start":{"line":4,"column":39},"end":{"line":4,"column":null}},{"start":{"line":5,"column":3},"end":{"line":5,"column":null}}]}},"s":{"0":3,"1":3},"f":{"0":3},"b":{"0":[3,3,3]}}
,"C:\\develop\\fpsak-frontend\\packages\\fakta-adopsjon\\dist\\webpack:\\@navikt\\fp-fakta-adopsjon\\webpack\\runtime\\hasOwnProperty shorthand": {"path":"C:\\develop\\fpsak-frontend\\packages\\fakta-adopsjon\\dist\\webpack:\\@navikt\\fp-fakta-adopsjon\\webpack\\runtime\\hasOwnProperty shorthand","statementMap":{"0":{"start":{"line":1,"column":40},"end":{"line":1,"column":null}}},"fnMap":{"0":{"name":"(anonymous_7)","decl":{"start":{"line":1,"column":24},"end":{"line":1,"column":25}},"loc":{"start":{"line":1,"column":40},"end":{"line":1,"column":null}}}},"branchMap":{},"s":{"0":6},"f":{"0":6},"b":{}}
,"C:\\develop\\fpsak-frontend\\packages\\fakta-adopsjon\\dist\\webpack:\\@navikt\\fp-fakta-adopsjon\\webpack\\runtime\\make namespace object": {"path":"C:\\develop\\fpsak-frontend\\packages\\fakta-adopsjon\\dist\\webpack:\\@navikt\\fp-fakta-adopsjon\\webpack\\runtime\\make namespace object","statementMap":{"0":{"start":{"line":3,"column":22},"end":{"line":6,"column":62}}},"fnMap":{"0":{"name":"(anonymous_8)","decl":{"start":{"line":2,"column":25},"end":{"line":2,"column":null}},"loc":{"start":{"line":2,"column":25},"end":{"line":6,"column":null}}}},"branchMap":{"0":{"loc":{"start":{"line":3,"column":22},"end":{"line":4,"column":null}},"type":"binary-expr","locations":[{"start":{"line":3,"column":22},"end":{"line":3,"column":36}},{"start":{"line":3,"column":37},"end":{"line":3,"column":null}},{"start":{"line":4,"column":2},"end":{"line":4,"column":null}}]}},"s":{"0":1},"f":{"0":1},"b":{"0":[1,1,1]}}
,"C:\\develop\\fpsak-frontend\\packages\\fakta-adopsjon\\src\\AdopsjonFaktaIndex.stories.tsx": {"path":"C:\\develop\\fpsak-frontend\\packages\\fakta-adopsjon\\src\\AdopsjonFaktaIndex.stories.tsx","statementMap":{"0":{"start":{"line":17,"column":19},"end":{"line":20,"column":15}},"1":{"start":{"line":22,"column":24},"end":{"line":29,"column":27}},"2":{"start":{"line":31,"column":15},"end":{"line":40,"column":11}},"3":{"start":{"line":42,"column":30},"end":{"line":44,"column":1}},"4":{"start":{"line":46,"column":20},"end":{"line":46,"column":35}},"5":{"start":{"line":46,"column":26},"end":{"line":46,"column":35}},"6":{"start":{"line":58,"column":5},"end":{"line":78,"column":1}},"7":{"start":{"line":64,"column":2},"end":{"line":77,"column":4}},"8":{"start":{"line":80,"column":48},"end":{"line":80,"column":65}},"9":{"start":{"line":81,"column":0},"end":{"line":93,"column":2}},"10":{"start":{"line":95,"column":61},"end":{"line":95,"column":78}},"11":{"start":{"line":96,"column":0},"end":{"line":108,"column":2}},"12":{"start":{"line":110,"column":62},"end":{"line":110,"column":79}},"13":{"start":{"line":111,"column":0},"end":{"line":123,"column":2}},"14":{"start":{"line":125,"column":57},"end":{"line":125,"column":74}},"15":{"start":{"line":126,"column":0},"end":{"line":139,"column":2}}},"fnMap":{"0":{"name":"(anonymous_0)","decl":{"start":{"line":46,"column":20},"end":{"line":46,"column":21}},"loc":{"start":{"line":46,"column":26},"end":{"line":46,"column":35}},"line":46},"1":{"name":"(anonymous_1)","decl":{"start":{"line":58,"column":5},"end":{"line":58,"column":6}},"loc":{"start":{"line":64,"column":2},"end":{"line":77,"column":4}},"line":64}},"branchMap":{"0":{"loc":{"start":{"line":62,"column":2},"end":{"line":62,"column":31}},"type":"default-arg","locations":[{"start":{"line":62,"column":27},"end":{"line":62,"column":31}}],"line":62}},"s":{"0":1,"1":1,"2":1,"3":1,"4":1,"5":4,"6":1,"7":4,"8":1,"9":1,"10":1,"11":1,"12":1,"13":1,"14":1,"15":1},"f":{"0":4,"1":4},"b":{"0":[3]},"_coverageSchema":"1a1c01bbd47fc00a2c39e90264f33305004495a9","hash":"61d28545e397c3ddf97994e2470df10e9fc1a0eb"}
}
